<?xml version='1.0' encoding='UTF-8'?>
<testsuite hostname="LuanarPc" name="br.unb.cic.flang.IfThenElseTests" tests="6" errors="0" failures="0" skipped="0" time="0.445" timestamp="2024-08-02T13:37:33">
          <properties>
[...]
</properties>
          <testcase classname="br.unb.cic.flang.IfThenElseTests" name="eval IfThenElse(CBool(true), CInt(10), CInt(20)) should return 10" time="0.429">
                      
                    </testcase><testcase classname="br.unb.cic.flang.IfThenElseTests" name="eval IfThenElse(CBool(false), CInt(10), CInt(20)) should return 20" time="0.004">
                      
                    </testcase><testcase classname="br.unb.cic.flang.IfThenElseTests" name="eval IfThenElse(CBool(true), Add(CInt(5), CInt(5)), Mul(CInt(2), CInt(3))) should return 10" time="0.004">
                      
                    </testcase><testcase classname="br.unb.cic.flang.IfThenElseTests" name="eval IfThenElse(CBool(false), Add(CInt(5), CInt(5)), Mul(CInt(2), CInt(3))) should return 6" time="0.001">
                      
                    </testcase><testcase classname="br.unb.cic.flang.IfThenElseTests" name="eval IfThenElse(CBool(true), FApp('inc', CInt(10)), CInt(0)) should return 11" time="0.004">
                      
                    </testcase><testcase classname="br.unb.cic.flang.IfThenElseTests" name="eval IfThenElse(CBool(false), CInt(0), FApp('inc', CInt(10))) should return 11" time="0.003">
                      
                    </testcase>
          <system-out><![CDATA[]]></system-out>
          <system-err><![CDATA[]]></system-err>
        </testsuite>