<?xml version='1.0' encoding='UTF-8'?>
<testsuite hostname="LuanarPc" name="br.unb.cic.flang.InterpreterTest" tests="9" errors="0" failures="0" skipped="0" time="0.262" timestamp="2024-08-02T12:33:06">
          <properties>
[...]
</properties>
          <testcase classname="br.unb.cic.flang.InterpreterTest" name="eval CInt(5) should return an integer value 5." time="0.069">
                      
                    </testcase><testcase classname="br.unb.cic.flang.InterpreterTest" name="eval Add(CInt(5), CInt(10)) should return an integer value 15." time="0.177">
                      
                    </testcase><testcase classname="br.unb.cic.flang.InterpreterTest" name="eval Add(CInt(5), Add(CInt(5), CInt(10))) should return an integer value 20." time="0.003">
                      
                    </testcase><testcase classname="br.unb.cic.flang.InterpreterTest" name="eval Mul(CInt(5), CInt(10)) should return an integer value 50" time="0.003">
                      
                    </testcase><testcase classname="br.unb.cic.flang.InterpreterTest" name="eval FApp(inc, CInt(99)) should return an integer value 100" time="0.003">
                      
                    </testcase><testcase classname="br.unb.cic.flang.InterpreterTest" name="eval FApp(foo, CInt(10)) should raise an error." time="0.003">
                      
                    </testcase><testcase classname="br.unb.cic.flang.InterpreterTest" name="eval Add(CInt(5), FApp(bug, CInt(10))) should raise an error." time="0.002">
                      
                    </testcase><testcase classname="br.unb.cic.flang.InterpreterTest" name="eval IfThenElse(CBool(true), CInt(10), CInt(20)) should return 10" time="0.001">
                      
                    </testcase><testcase classname="br.unb.cic.flang.InterpreterTest" name="eval IfThenElse(CBool(false), CInt(10), CInt(20)) should return 20" time="0.001">
                      
                    </testcase>
          <system-out><![CDATA[]]></system-out>
          <system-err><![CDATA[]]></system-err>
        </testsuite>