<?xml version='1.0' encoding='UTF-8'?>
<testsuite hostname="hal9000" name="br.unb.cic.flang.InterpreterTest" tests="7" errors="0" failures="0" skipped="0" time="0.16" timestamp="2024-08-02T11:01:40">
          <properties>
[...]
</properties>
          <testcase classname="br.unb.cic.flang.InterpreterTest" name="eval Add(CInt(5), CInt(10)) should return an integer value 15." time="0.154">
                      
                    </testcase><testcase classname="br.unb.cic.flang.InterpreterTest" name="eval Add(CInt(5), Add(CInt(5), CInt(10))) should return an integer value 20." time="0.001">
                      
                    </testcase><testcase classname="br.unb.cic.flang.InterpreterTest" name="eval Mul(CInt(5), CInt(10)) should return an integer value 50" time="0.001">
                      
                    </testcase><testcase classname="br.unb.cic.flang.InterpreterTest" name="eval App(inc, 99) should return an integer value 100" time="0.002">
                      
                    </testcase><testcase classname="br.unb.cic.flang.InterpreterTest" name="eval App(foo, 10) should raise an error." time="0.001">
                      
                    </testcase><testcase classname="br.unb.cic.flang.InterpreterTest" name="eval Add(5, App(bug, 10)) should raise an error." time="0.0">
                      
                    </testcase><testcase classname="br.unb.cic.flang.InterpreterTest" name="eval CInt(5) should return an integer value 5." time="0.001">
                      
                    </testcase>
          <system-out><![CDATA[]]></system-out>
          <system-err><![CDATA[]]></system-err>
        </testsuite>